<?xml version="1.0" encoding="UTF-8"?>
<!-- Generated by org.testng.reporters.JUnitXMLReporter -->
<testsuite ignored="2" hostname="Maria" failures="0" tests="7" name="Test" time="90.976" errors="0" timestamp="2023-11-19T19:10:52 EST">
  <testcase classname="Tset_Package.Registration_Page" name="Validate_Webpage" time="3.067"/>
  <testcase classname="Tset_Package.Registration_Page" name="Verify_error_message" time="10.157"/>
  <testcase classname="Tset_Package.Registration_Page" name="Verify_indication_of_mandatory_fields" time="9.194"/>
  <testcase classname="Tset_Package.Registration_Page" name="redirect_to_the_login_page" time="13.714"/>
  <testcase classname="Tset_Package.Verify_Field" name="f" time="14.55"/>
  <testcase classname="Tset_Package.Verify_Field" name="f" time="14.909"/>
  <testcase classname="Tset_Package.Verify_Field" name="f" time="14.932"/>
  <testcase classname="Utilitis.BaseClass" name="@BeforeTest beforetest" time="0.0">
    <ignored/>
  </testcase> <!-- @BeforeTest beforetest -->
  <testcase classname="Utilitis.BaseClass" name="@AfterTest sftertest" time="0.0">
    <ignored/>
  </testcase> <!-- @AfterTest sftertest -->
</testsuite> <!-- Test -->
