<?xml version="1.0" encoding="UTF-8"?>
<!-- Generated by org.testng.reporters.JUnitXMLReporter -->
<testsuite ignored="0" hostname="Maria" failures="0" tests="4" name="Test" time="40.927" errors="0" timestamp="2023-11-19T20:49:12 EST">
  <testcase classname="Tset_Package.Registration_Page" name="Validate_Webpage" time="3.046"/>
  <testcase classname="Tset_Package.Registration_Page" name="Verify_error_message" time="9.987"/>
  <testcase classname="Tset_Package.Registration_Page" name="Verify_indication_of_mandatory_fields" time="9.196"/>
  <testcase classname="Tset_Package.Registration_Page" name="redirect_to_the_login_page" time="13.712"/>
</testsuite> <!-- Test -->
