<?xml version="1.0" encoding="UTF-8"?>
<testng-results ignored="0" total="4" passed="4" failed="0" skipped="0">
  <reporter-output>
  </reporter-output>
  <suite started-at="2023-11-19T20:48:31 EST" name="Suite" finished-at="2023-11-19T20:49:12 EST" duration-ms="40927">
    <groups>
    </groups>
    <test started-at="2023-11-19T20:48:31 EST" name="Test" finished-at="2023-11-19T20:49:12 EST" duration-ms="40927">
      <class name="Tset_Package.Registration_Page">
        <test-method is-config="true" signature="beforetest()[pri:0, instance:Tset_Package.Registration_Page@5d25e6bb]" started-at="2023-11-19T20:48:31 EST" name="beforetest" finished-at="2023-11-19T20:48:31 EST" duration-ms="109" status="PASS">
          <reporter-output>
          </reporter-output>
        </test-method> <!-- beforetest -->
        <test-method is-config="true" signature="IBrowsers(java.lang.String,java.lang.String)[pri:0, instance:Tset_Package.Registration_Page@5d25e6bb]" started-at="2023-11-19T20:48:31 EST" name="IBrowsers" finished-at="2023-11-19T20:48:35 EST" duration-ms="4188" status="PASS">
          <params>
            <param index="0">
              <value>
                <![CDATA[chrome]]>
              </value>
            </param>
            <param index="1">
              <value>
                <![CDATA[https://tutorialsninja.com/demo/index.php?route=account/register]]>
              </value>
            </param>
          </params>
          <reporter-output>
          </reporter-output>
        </test-method> <!-- IBrowsers -->
        <test-method signature="Validate_Webpage()[pri:0, instance:Tset_Package.Registration_Page@5d25e6bb]" started-at="2023-11-19T20:48:35 EST" name="Validate_Webpage" finished-at="2023-11-19T20:48:38 EST" duration-ms="3046" status="PASS">
          <reporter-output>
          </reporter-output>
        </test-method> <!-- Validate_Webpage -->
        <test-method signature="Verify_error_message()[pri:0, instance:Tset_Package.Registration_Page@5d25e6bb]" started-at="2023-11-19T20:48:38 EST" name="Verify_error_message" finished-at="2023-11-19T20:48:48 EST" duration-ms="9987" status="PASS">
          <reporter-output>
          </reporter-output>
        </test-method> <!-- Verify_error_message -->
        <test-method signature="Verify_indication_of_mandatory_fields()[pri:0, instance:Tset_Package.Registration_Page@5d25e6bb]" started-at="2023-11-19T20:48:48 EST" name="Verify_indication_of_mandatory_fields" finished-at="2023-11-19T20:48:57 EST" duration-ms="9196" status="PASS">
          <reporter-output>
          </reporter-output>
        </test-method> <!-- Verify_indication_of_mandatory_fields -->
        <test-method signature="redirect_to_the_login_page()[pri:0, instance:Tset_Package.Registration_Page@5d25e6bb]" started-at="2023-11-19T20:48:57 EST" name="redirect_to_the_login_page" finished-at="2023-11-19T20:49:11 EST" duration-ms="13712" status="PASS">
          <reporter-output>
          </reporter-output>
        </test-method> <!-- redirect_to_the_login_page -->
        <test-method is-config="true" signature="afterclass()[pri:0, instance:Tset_Package.Registration_Page@5d25e6bb]" started-at="2023-11-19T20:49:11 EST" name="afterclass" finished-at="2023-11-19T20:49:11 EST" duration-ms="163" status="PASS">
          <reporter-output>
          </reporter-output>
        </test-method> <!-- afterclass -->
        <test-method is-config="true" signature="sftertest()[pri:0, instance:Tset_Package.Registration_Page@5d25e6bb]" started-at="2023-11-19T20:49:11 EST" name="sftertest" finished-at="2023-11-19T20:49:12 EST" duration-ms="492" status="PASS">
          <reporter-output>
          </reporter-output>
        </test-method> <!-- sftertest -->
      </class> <!-- Tset_Package.Registration_Page -->
    </test> <!-- Test -->
  </suite> <!-- Suite -->
</testng-results>
